<?xml version="1.0" encoding="UTF-8"?>
<!-- Generated by org.testng.reporters.JUnitXMLReporter -->
<testsuite hostname="DESKTOP-0H0D468" name="Regression Test" tests="6" failures="1" timestamp="13 Dec 2021 20:31:17 GMT" time="6.632" errors="0">
  <testcase name="UserCanFindLoginCotactUsButtons" time="0.247" classname="test.CatalogForUnAuthusers"/>
  <testcase name="UserCanOverviewCatalogs" time="5.494" classname="test.CatalogForUnAuthusers"/>
  <testcase name="UserCanNotLoginwithValidUsernameandinvalidPswd" time="0.102" classname="test.LoginTest">
    <failure type="org.openqa.selenium.ElementClickInterceptedException" message="Element &amp;lt;a class=&amp;quot;btn btn-login-top&amp;quot; href=&amp;quot;https://poc-automation.comprehend.ibm.com/login/index.php&amp;quot;&amp;gt; is not clickable at point (1459,40) because another element &amp;lt;div id=&amp;quot;Modal-25&amp;quot; class=&amp;quot;modal fade show&amp;quot;&amp;gt; obscures it
Build info: version: &amp;apos;3.141.59&amp;apos;, revision: &amp;apos;e82be7d358&amp;apos;, time: &amp;apos;2018-11-14T08:17:03&amp;apos;
System info: host: &amp;apos;DESKTOP-0H0D468&amp;apos;, ip: &amp;apos;192.168.1.117&amp;apos;, os.name: &amp;apos;Windows 10&amp;apos;, os.arch: &amp;apos;amd64&amp;apos;, os.version: &amp;apos;10.0&amp;apos;, java.version: &amp;apos;1.8.0_301&amp;apos;
Driver info: org.openqa.selenium.firefox.FirefoxDriver
Capabilities {acceptInsecureCerts: true, browserName: firefox, browserVersion: 95.0, javascriptEnabled: true, moz:accessibilityChecks: false, moz:buildID: 20211129150630, moz:geckodriverVersion: 0.30.0, moz:headless: false, moz:processID: 35640, moz:profile: C:\Users\ZZ007O865\AppData\..., moz:shutdownTimeout: 60000, moz:useNonSpecCompliantPointerOrigin: false, moz:webdriverClick: true, pageLoadStrategy: normal, platform: WINDOWS, platformName: WINDOWS, platformVersion: 10.0, proxy: Proxy(), setWindowRect: true, strictFileInteractability: false, timeouts: {implicit: 0, pageLoad: 300000, script: 30000}, unhandledPromptBehavior: dismiss and notify}
Session ID: cc287068-ea31-4328-bfb2-4472032c2595">
      <![CDATA[org.openqa.selenium.ElementClickInterceptedException: Element <a class="btn btn-login-top" href="https://poc-automation.comprehend.ibm.com/login/index.php"> is not clickable at point (1459,40) because another element <div id="Modal-25" class="modal fade show"> obscures it
Build info: version: '3.141.59', revision: 'e82be7d358', time: '2018-11-14T08:17:03'
System info: host: 'DESKTOP-0H0D468', ip: '192.168.1.117', os.name: 'Windows 10', os.arch: 'amd64', os.version: '10.0', java.version: '1.8.0_301'
Driver info: org.openqa.selenium.firefox.FirefoxDriver
Capabilities {acceptInsecureCerts: true, browserName: firefox, browserVersion: 95.0, javascriptEnabled: true, moz:accessibilityChecks: false, moz:buildID: 20211129150630, moz:geckodriverVersion: 0.30.0, moz:headless: false, moz:processID: 35640, moz:profile: C:\Users\ZZ007O865\AppData\..., moz:shutdownTimeout: 60000, moz:useNonSpecCompliantPointerOrigin: false, moz:webdriverClick: true, pageLoadStrategy: normal, platform: WINDOWS, platformName: WINDOWS, platformVersion: 10.0, proxy: Proxy(), setWindowRect: true, strictFileInteractability: false, timeouts: {implicit: 0, pageLoad: 300000, script: 30000}, unhandledPromptBehavior: dismiss and notify}
Session ID: cc287068-ea31-4328-bfb2-4472032c2595
	at org.openqa.selenium.remote.http.W3CHttpResponseCodec.createException(W3CHttpResponseCodec.java:187)
	at org.openqa.selenium.remote.http.W3CHttpResponseCodec.decode(W3CHttpResponseCodec.java:122)
	at org.openqa.selenium.remote.http.W3CHttpResponseCodec.decode(W3CHttpResponseCodec.java:49)
	at org.openqa.selenium.remote.HttpCommandExecutor.execute(HttpCommandExecutor.java:158)
	at org.openqa.selenium.remote.service.DriverCommandExecutor.execute(DriverCommandExecutor.java:83)
	at org.openqa.selenium.remote.RemoteWebDriver.execute(RemoteWebDriver.java:552)
	at org.openqa.selenium.remote.RemoteWebElement.execute(RemoteWebElement.java:285)
	at org.openqa.selenium.remote.RemoteWebElement.click(RemoteWebElement.java:84)
	at org.openqa.selenium.support.pagefactory.internal.LocatingElementHandler.invoke(LocatingElementHandler.java:51)
	at com.sun.proxy.$Proxy16.click(Unknown Source)
	at pages.PageBase.ClickBtutton(PageBase.java:18)
	at pages.HomePage.ClickLoginLink(HomePage.java:52)
	at test.LoginTest.UserCanNotLoginwithValidUsernameandinvalidPswd(LoginTest.java:20)
... Removed 32 stack frames]]>
    </failure>
  </testcase> <!-- UserCanNotLoginwithValidUsernameandinvalidPswd -->
  <testcase name="UserCanNotLoginWithInvalidUsernameAndValidPswd" time="0.0" classname="test.LoginTest">
    <skipped/>
  </testcase> <!-- UserCanNotLoginWithInvalidUsernameAndValidPswd -->
  <testcase name="UserCanNotLoginWithInvalidUsernameAndinValidPswd" time="0.0" classname="test.LoginTest">
    <skipped/>
  </testcase> <!-- UserCanNotLoginWithInvalidUsernameAndinValidPswd -->
  <testcase name="UserCanNotLoginWithvalidUsernameAndValidPswd" time="0.0" classname="test.LoginTest">
    <skipped/>
  </testcase> <!-- UserCanNotLoginWithvalidUsernameAndValidPswd -->
</testsuite> <!-- Regression Test -->
